# JRE version: 7.0_11-b21
# Java VM: Java HotSpot(TM) 64-Bit Server VM (23.6-b04 mixed mode windows-amd64 compressed oops)
Heap
 PSYoungGen      total 80768K, used 41169K [0x00000000fa000000, 0x00000000fff40000, 0x0000000100000000)
  eden space 64576K, 54% used [0x00000000fa000000,0x00000000fc2614a0,0x00000000fdf10000)
  from space 16192K, 36% used [0x00000000feec0000,0x00000000ff493290,0x00000000ffe90000)
  to   space 16064K, 0% used [0x00000000fdf10000,0x00000000fdf10000,0x00000000feec0000)
 ParOldGen       total 105408K, used 57562K [0x00000000e8000000, 0x00000000ee6f0000, 0x00000000fa000000)
  object space 105408K, 54% used [0x00000000e8000000,0x00000000eb836b50,0x00000000ee6f0000)
 PSPermGen       total 109120K, used 58299K [0x00000000e0000000, 0x00000000e6a90000, 0x00000000e8000000)
  object space 109120K, 53% used [0x00000000e0000000,0x00000000e38eed30,0x00000000e6a90000)
GC Heap History (10 events):
Event: 25.116 GC heap before
{Heap before GC invocations=38 (full 2):
 PSYoungGen      total 67136K, used 67096K [0x00000000fa000000, 0x00000000ffe20000, 0x0000000100000000)
  eden space 58304K, 100% used [0x00000000fa000000,0x00000000fd8f0000,0x00000000fd8f0000)
  from space 8832K, 99% used [0x00000000fd8f0000,0x00000000fe186040,0x00000000fe190000)
  to   space 18624K, 0% used [0x00000000febf0000,0x00000000febf0000,0x00000000ffe20000)
 ParOldGen       total 105408K, used 56898K [0x00000000e8000000, 0x00000000ee6f0000, 0x00000000fa000000)
  object space 105408K, 53% used [0x00000000e8000000,0x00000000eb790b50,0x00000000ee6f0000)
 PSPermGen       total 109120K, used 57722K [0x00000000e0000000, 0x00000000e6a90000, 0x00000000e8000000)
  object space 109120K, 52% used [0x00000000e0000000,0x00000000e385ea60,0x00000000e6a90000)
Event: 25.126 GC heap after
Heap after GC invocations=38 (full 2):
 PSYoungGen      total 78528K, used 9406K [0x00000000fa000000, 0x0000000100000000, 0x0000000100000000)
  eden space 59904K, 0% used [0x00000000fa000000,0x00000000fa000000,0x00000000fda80000)
  from space 18624K, 50% used [0x00000000febf0000,0x00000000ff51f818,0x00000000ffe20000)
  to   space 17856K, 0% used [0x00000000fda80000,0x00000000fda80000,0x00000000febf0000)
 ParOldGen       total 105408K, used 57554K [0x00000000e8000000, 0x00000000ee6f0000, 0x00000000fa000000)
  object space 105408K, 54% used [0x00000000e8000000,0x00000000eb834b50,0x00000000ee6f0000)
 PSPermGen       total 109120K, used 57722K [0x00000000e0000000, 0x00000000e6a90000, 0x00000000e8000000)
  object space 109120K, 52% used [0x00000000e0000000,0x00000000e385ea60,0x00000000e6a90000)
}
Event: 163.073 GC heap before
{Heap before GC invocations=39 (full 2):
 PSYoungGen      total 78528K, used 69310K [0x00000000fa000000, 0x0000000100000000, 0x0000000100000000)
  eden space 59904K, 100% used [0x00000000fa000000,0x00000000fda80000,0x00000000fda80000)
  from space 18624K, 50% used [0x00000000febf0000,0x00000000ff51f818,0x00000000ffe20000)
  to   space 17856K, 0% used [0x00000000fda80000,0x00000000fda80000,0x00000000febf0000)
 ParOldGen       total 105408K, used 57554K [0x00000000e8000000, 0x00000000ee6f0000, 0x00000000fa000000)
  object space 105408K, 54% used [0x00000000e8000000,0x00000000eb834b50,0x00000000ee6f0000)
 PSPermGen       total 109120K, used 58073K [0x00000000e0000000, 0x00000000e6a90000, 0x00000000e8000000)
  object space 109120K, 53% used [0x00000000e0000000,0x00000000e38b6450,0x00000000e6a90000)
Event: 163.084 GC heap after
Heap after GC invocations=39 (full 2):
 PSYoungGen      total 77760K, used 9547K [0x00000000fa000000, 0x00000000ffde0000, 0x0000000100000000)
  eden space 59904K, 0% used [0x00000000fa000000,0x00000000fa000000,0x00000000fda80000)
  from space 17856K, 53% used [0x00000000fda80000,0x00000000fe3d2c30,0x00000000febf0000)
  to   space 17152K, 0% used [0x00000000fed20000,0x00000000fed20000,0x00000000ffde0000)
 ParOldGen       total 105408K, used 57554K [0x00000000e8000000, 0x00000000ee6f0000, 0x00000000fa000000)
  object space 105408K, 54% used [0x00000000e8000000,0x00000000eb834b50,0x00000000ee6f0000)
 PSPermGen       total 109120K, used 58073K [0x00000000e0000000, 0x00000000e6a90000, 0x00000000e8000000)
  object space 109120K, 53% used [0x00000000e0000000,0x00000000e38b6450,0x00000000e6a90000)
}
Event: 290.129 GC heap before
{Heap before GC invocations=40 (full 2):
 PSYoungGen      total 77760K, used 69451K [0x00000000fa000000, 0x00000000ffde0000, 0x0000000100000000)
  eden space 59904K, 100% used [0x00000000fa000000,0x00000000fda80000,0x00000000fda80000)
  from space 17856K, 53% used [0x00000000fda80000,0x00000000fe3d2c30,0x00000000febf0000)
  to   space 17152K, 0% used [0x00000000fed20000,0x00000000fed20000,0x00000000ffde0000)
 ParOldGen       total 105408K, used 57554K [0x00000000e8000000, 0x00000000ee6f0000, 0x00000000fa000000)
  object space 105408K, 54% used [0x00000000e8000000,0x00000000eb834b50,0x00000000ee6f0000)
 PSPermGen       total 109120K, used 58277K [0x00000000e0000000, 0x00000000e6a90000, 0x00000000e8000000)
  object space 109120K, 53% used [0x00000000e0000000,0x00000000e38e97e0,0x00000000e6a90000)
Event: 290.139 GC heap after
Heap after GC invocations=40 (full 2):
 PSYoungGen      total 79424K, used 9932K [0x00000000fa000000, 0x00000000ffe70000, 0x0000000100000000)
  eden space 62272K, 0% used [0x00000000fa000000,0x00000000fa000000,0x00000000fdcd0000)
  from space 17152K, 57% used [0x00000000fed20000,0x00000000ff6d32c0,0x00000000ffde0000)
  to   space 16704K, 0% used [0x00000000fdcd0000,0x00000000fdcd0000,0x00000000fed20000)
 ParOldGen       total 105408K, used 57554K [0x00000000e8000000, 0x00000000ee6f0000, 0x00000000fa000000)
  object space 105408K, 54% used [0x00000000e8000000,0x00000000eb834b50,0x00000000ee6f0000)
 PSPermGen       total 109120K, used 58277K [0x00000000e0000000, 0x00000000e6a90000, 0x00000000e8000000)
  object space 109120K, 53% used [0x00000000e0000000,0x00000000e38e97e0,0x00000000e6a90000)
}
Event: 676.073 GC heap before
{Heap before GC invocations=41 (full 2):
 PSYoungGen      total 79424K, used 72204K [0x00000000fa000000, 0x00000000ffe70000, 0x0000000100000000)
  eden space 62272K, 100% used [0x00000000fa000000,0x00000000fdcd0000,0x00000000fdcd0000)
  from space 17152K, 57% used [0x00000000fed20000,0x00000000ff6d32c0,0x00000000ffde0000)
  to   space 16704K, 0% used [0x00000000fdcd0000,0x00000000fdcd0000,0x00000000fed20000)
 ParOldGen       total 105408K, used 57554K [0x00000000e8000000, 0x00000000ee6f0000, 0x00000000fa000000)
  object space 105408K, 54% used [0x00000000e8000000,0x00000000eb834b50,0x00000000ee6f0000)
 PSPermGen       total 109120K, used 58289K [0x00000000e0000000, 0x00000000e6a90000, 0x00000000e8000000)
  object space 109120K, 53% used [0x00000000e0000000,0x00000000e38ec528,0x00000000e6a90000)
Event: 676.089 GC heap after
Heap after GC invocations=41 (full 2):
 PSYoungGen      total 78976K, used 9788K [0x00000000fa000000, 0x00000000ffe90000, 0x0000000100000000)
  eden space 62272K, 0% used [0x00000000fa000000,0x00000000fa000000,0x00000000fdcd0000)
  from space 16704K, 58% used [0x00000000fdcd0000,0x00000000fe65f2b0,0x00000000fed20000)
  to   space 16192K, 0% used [0x00000000feec0000,0x00000000feec0000,0x00000000ffe90000)
 ParOldGen       total 105408K, used 57554K [0x00000000e8000000, 0x00000000ee6f0000, 0x00000000fa000000)
  object space 105408K, 54% used [0x00000000e8000000,0x00000000eb834b50,0x00000000ee6f0000)
 PSPermGen       total 109120K, used 58289K [0x00000000e0000000, 0x00000000e6a90000, 0x00000000e8000000)
  object space 109120K, 53% used [0x00000000e0000000,0x00000000e38ec528,0x00000000e6a90000)
}
Event: 1078.072 GC heap before
{Heap before GC invocations=42 (full 2):
 PSYoungGen      total 78976K, used 72060K [0x00000000fa000000, 0x00000000ffe90000, 0x0000000100000000)
  eden space 62272K, 100% used [0x00000000fa000000,0x00000000fdcd0000,0x00000000fdcd0000)
  from space 16704K, 58% used [0x00000000fdcd0000,0x00000000fe65f2b0,0x00000000fed20000)
  to   space 16192K, 0% used [0x00000000feec0000,0x00000000feec0000,0x00000000ffe90000)
 ParOldGen       total 105408K, used 57554K [0x00000000e8000000, 0x00000000ee6f0000, 0x00000000fa000000)
  object space 105408K, 54% used [0x00000000e8000000,0x00000000eb834b50,0x00000000ee6f0000)
 PSPermGen       total 109120K, used 58289K [0x00000000e0000000, 0x00000000e6a90000, 0x00000000e8000000)
  object space 109120K, 53% used [0x00000000e0000000,0x00000000e38ec528,0x00000000e6a90000)
Event: 1078.088 GC heap after
Heap after GC invocations=42 (full 2):
 PSYoungGen      total 80768K, used 5964K [0x00000000fa000000, 0x00000000fff40000, 0x0000000100000000)
  eden space 64576K, 0% used [0x00000000fa000000,0x00000000fa000000,0x00000000fdf10000)
  from space 16192K, 36% used [0x00000000feec0000,0x00000000ff493290,0x00000000ffe90000)
  to   space 16064K, 0% used [0x00000000fdf10000,0x00000000fdf10000,0x00000000feec0000)
 ParOldGen       total 105408K, used 57562K [0x00000000e8000000, 0x00000000ee6f0000, 0x00000000fa000000)
  object space 105408K, 54% used [0x00000000e8000000,0x00000000eb836b50,0x00000000ee6f0000)
 PSPermGen       total 109120K, used 58289K [0x00000000e0000000, 0x00000000e6a90000, 0x00000000e8000000)
  object space 109120K, 53% used [0x00000000e0000000,0x00000000e38ec528,0x00000000e6a90000)
}

